2019-03-14 13:41:28.154 INFO [main]com.example.demo.DemoApplication.logStarting:50 -Starting DemoApplication on PC-Hou with PID 9052 (D:\springboot_workspace\demo14_logback\target\classes started by Administrator in D:\springboot_workspace\demo14_logback)
2019-03-14 13:41:28.161 INFO [main]com.example.demo.DemoApplication.logStartupProfileInfo:675 -No active profile set, falling back to default profiles: default
2019-03-14 13:41:30.378 INFO [main]o.s.boot.web.embedded.tomcat.TomcatWebServer.initialize:90 -Tomcat initialized with port(s): 8080 (http)
2019-03-14 13:41:30.397 INFO [main]org.apache.coyote.http11.Http11NioProtocol.log:173 -Initializing ProtocolHandler ["http-nio-8080"]
2019-03-14 13:41:30.409 INFO [main]org.apache.catalina.core.StandardService.log:173 -Starting service [Tomcat]
2019-03-14 13:41:30.409 INFO [main]org.apache.catalina.core.StandardEngine.log:173 -Starting Servlet engine: [Apache Tomcat/9.0.16]
2019-03-14 13:41:30.419 INFO [main]org.apache.catalina.core.AprLifecycleListener.log:173 -The APR based Apache Tomcat Native library which allows optimal performance in production environments was not found on the java.library.path: [C:\developEnviroment\JDK8\bin;C:\Windows\Sun\Java\bin;C:\Windows\system32;C:\Windows;C:\developEnviroment\JDK8\bin;C:\developEnviroment\JDK8\jre\bin;C:\developEnviroment\maven\apache-maven-3.3.9\bin;C:\developEnviroment\python\Scripts\;C:\developEnviroment\python\;C:\Windows\system32;C:\Windows;C:\Windows\System32\Wbem;C:\Windows\System32\WindowsPowerShell\v1.0\;C:\developEnviroment\MySQL\MySQL Server 5.5\bin;C:\developEnviroment\mysql\bin;D:\softs\Microsoft VS Code\bin;C:\Android;C:\Windows\System32;C:\developEnviroment\nodeJS\;C:\Users\Administrator\AppData\Local\Microsoft\WindowsApps;C:\Users\Administrator\AppData\Roaming\npm;.]
2019-03-14 13:41:30.533 INFO [main]o.a.catalina.core.ContainerBase.[Tomcat].[localhost].[/].log:173 -Initializing Spring embedded WebApplicationContext
2019-03-14 13:41:30.534 INFO [main]org.springframework.web.context.ContextLoader.prepareWebApplicationContext:296 -Root WebApplicationContext: initialization completed in 2256 ms
2019-03-14 13:41:30.793 INFO [main]o.s.scheduling.concurrent.ThreadPoolTaskExecutor.initialize:171 -Initializing ExecutorService 'applicationTaskExecutor'
2019-03-14 13:41:31.049 INFO [main]org.apache.coyote.http11.Http11NioProtocol.log:173 -Starting ProtocolHandler ["http-nio-8080"]
2019-03-14 13:41:31.162 INFO [main]o.s.boot.web.embedded.tomcat.TomcatWebServer.start:204 -Tomcat started on port(s): 8080 (http) with context path ''
2019-03-14 13:41:31.168 INFO [main]com.example.demo.DemoApplication.logStarted:59 -Started DemoApplication in 3.848 seconds (JVM running for 4.442)
2019-03-14 13:41:37.928 INFO [http-nio-8080-exec-1]org.apache.tomcat.util.http.parser.Cookie.log:173 -A cookie header was received [1549188503; Hm_lvt_65968db3ac154c3089d7f9a4cbb98c94=1549251623,1549251700,1549252086,1549257488; RAIL_EXPIRATION=1549600936262; RAIL_DEVICEID=eaLOGOaGa8m3FHRBKzcpfHU1AyV_2nvKPqVE8ZvvSznLc1eF2fAC86NjGnRwvg_429aGf4uu2bc_KnCV_kj5KslrBsrADDRz33bjneEhhFsWnH2ZqXXoo7VHLvdRQa34KLjyXueCgPIKAxfi2hpCVqg3hB903Pu0; UM_distinctid=168bcceb4f19c9-0e509c39c93fa1-3c60460e-181db4-168bcceb4f27ef; CNZZDATA5934912=cnzz_eid%3D1287109814-1549353777-%26ntime%3D1549359187; _fmdata=n%2FOnY%2Fcm%2FcL%2BJtmUJh%2B5NQ9tCz6tdMI8yxHA8H%2BW%2FHiHJHDEhaDtFyModeYTWFm98vDiaPTHfo%2FIl96GgiYL%2F0g1f06cD8tFYf8NDcWi4S8%3D] that contained an invalid cookie. That cookie will be ignored.
 Note: further occurrences of this error will be logged at DEBUG level.
2019-03-14 13:41:37.934 INFO [http-nio-8080-exec-1]o.a.catalina.core.ContainerBase.[Tomcat].[localhost].[/].log:173 -Initializing Spring DispatcherServlet 'dispatcherServlet'
2019-03-14 13:41:37.935 INFO [http-nio-8080-exec-1]org.springframework.web.servlet.DispatcherServlet.initServletBean:524 -Initializing Servlet 'dispatcherServlet'
2019-03-14 13:41:37.941 INFO [http-nio-8080-exec-1]org.springframework.web.servlet.DispatcherServlet.initServletBean:546 -Completed initialization in 5 ms
2019-03-14 13:41:37.974 INFO [http-nio-8080-exec-1]com.example.demo.controller.UserController.testLog:25 -this is info level 
2019-03-14 13:41:37.974 WARN [http-nio-8080-exec-1]com.example.demo.controller.UserController.testLog:26 -this is warn level 
2019-03-14 13:43:48.318 INFO [main]com.example.demo.DemoApplication.logStarting:50 -Starting DemoApplication on PC-Hou with PID 10948 (D:\springboot_workspace\demo14_logback\target\classes started by Administrator in D:\springboot_workspace\demo14_logback)
2019-03-14 13:43:48.321 INFO [main]com.example.demo.DemoApplication.logStartupProfileInfo:675 -No active profile set, falling back to default profiles: default
2019-03-14 13:43:50.583 INFO [main]o.s.boot.web.embedded.tomcat.TomcatWebServer.initialize:90 -Tomcat initialized with port(s): 8080 (http)
2019-03-14 13:43:50.605 INFO [main]org.apache.coyote.http11.Http11NioProtocol.log:173 -Initializing ProtocolHandler ["http-nio-8080"]
2019-03-14 13:43:50.658 INFO [main]org.apache.catalina.core.StandardService.log:173 -Starting service [Tomcat]
2019-03-14 13:43:50.659 INFO [main]org.apache.catalina.core.StandardEngine.log:173 -Starting Servlet engine: [Apache Tomcat/9.0.16]
2019-03-14 13:43:50.674 INFO [main]org.apache.catalina.core.AprLifecycleListener.log:173 -The APR based Apache Tomcat Native library which allows optimal performance in production environments was not found on the java.library.path: [C:\developEnviroment\JDK8\bin;C:\Windows\Sun\Java\bin;C:\Windows\system32;C:\Windows;C:\developEnviroment\JDK8\bin;C:\developEnviroment\JDK8\jre\bin;C:\developEnviroment\maven\apache-maven-3.3.9\bin;C:\developEnviroment\python\Scripts\;C:\developEnviroment\python\;C:\Windows\system32;C:\Windows;C:\Windows\System32\Wbem;C:\Windows\System32\WindowsPowerShell\v1.0\;C:\developEnviroment\MySQL\MySQL Server 5.5\bin;C:\developEnviroment\mysql\bin;D:\softs\Microsoft VS Code\bin;C:\Android;C:\Windows\System32;C:\developEnviroment\nodeJS\;C:\Users\Administrator\AppData\Local\Microsoft\WindowsApps;C:\Users\Administrator\AppData\Roaming\npm;.]
2019-03-14 13:43:50.785 INFO [main]o.a.catalina.core.ContainerBase.[Tomcat].[localhost].[/].log:173 -Initializing Spring embedded WebApplicationContext
2019-03-14 13:43:50.786 INFO [main]org.springframework.web.context.ContextLoader.prepareWebApplicationContext:296 -Root WebApplicationContext: initialization completed in 2400 ms
2019-03-14 13:43:51.056 INFO [main]o.s.scheduling.concurrent.ThreadPoolTaskExecutor.initialize:171 -Initializing ExecutorService 'applicationTaskExecutor'
2019-03-14 13:43:51.304 INFO [main]org.apache.coyote.http11.Http11NioProtocol.log:173 -Starting ProtocolHandler ["http-nio-8080"]
2019-03-14 13:43:51.328 INFO [main]o.s.boot.web.embedded.tomcat.TomcatWebServer.start:204 -Tomcat started on port(s): 8080 (http) with context path ''
2019-03-14 13:43:51.331 INFO [main]com.example.demo.DemoApplication.logStarted:59 -Started DemoApplication in 3.73 seconds (JVM running for 4.284)
